Generate 2000 x 1000 values and dump them to values.txt...
Load values from values.txt...
Compute maximum v1...
Compute maximum v2...
Max v1: x=1299, y=184, v1=0.999999
Max v2: x=824, y=784, v2=0.999999
Free memory allocated for positions+values (2000 x 1000 entries)...
Free memory allocated for coordinates (2000 x 1000 entries)...
Load values from values.txt...
Compute maximum v1...
Compute maximum v2...
Max v1: x=1299, y=184, v1=0.999999
Max v2: x=824, y=784, v2=0.999999
Free memory allocated for positions+values (2000 x 1000 entries)...
Free memory allocated for coordinates (2000 x 1000 entries)...
Load values from values.txt...
Compute maximum v1...
Compute maximum v2...
Max v1: x=1299, y=184, v1=0.999999
Max v2: x=824, y=784, v2=0.999999
Free memory allocated for positions+values (2000 x 1000 entries)...
Free memory allocated for coordinates (2000 x 1000 entries)...

* Info: Dumping samples (host 6b4e9423a5b1, process 5715)
* Info: Dumping source info for callchain nodes (host 6b4e9423a5b1, process 5715)
* Info: Building/writing metadata (host 6b4e9423a5b1)
* Info: Finished collect step (host 6b4e9423a5b1, process 5715)

Your experiment path is /my_folder/demo/maqao_c/TP2/maqao_2025-02-20_13-30-59/tools/lprof_npsu_run_0

To display your profiling results:
########################################################################################################################################
#    LEVEL    |     REPORT     |                                                COMMAND                                                #
########################################################################################################################################
#  Functions  |  Cluster-wide  |  maqao lprof -df xp=/my_folder/demo/maqao_c/TP2/maqao_2025-02-20_13-30-59/tools/lprof_npsu_run_0      #
#  Functions  |  Per-node      |  maqao lprof -df -dn xp=/my_folder/demo/maqao_c/TP2/maqao_2025-02-20_13-30-59/tools/lprof_npsu_run_0  #
#  Functions  |  Per-process   |  maqao lprof -df -dp xp=/my_folder/demo/maqao_c/TP2/maqao_2025-02-20_13-30-59/tools/lprof_npsu_run_0  #
#  Functions  |  Per-thread    |  maqao lprof -df -dt xp=/my_folder/demo/maqao_c/TP2/maqao_2025-02-20_13-30-59/tools/lprof_npsu_run_0  #
#  Loops      |  Cluster-wide  |  maqao lprof -dl xp=/my_folder/demo/maqao_c/TP2/maqao_2025-02-20_13-30-59/tools/lprof_npsu_run_0      #
#  Loops      |  Per-node      |  maqao lprof -dl -dn xp=/my_folder/demo/maqao_c/TP2/maqao_2025-02-20_13-30-59/tools/lprof_npsu_run_0  #
#  Loops      |  Per-process   |  maqao lprof -dl -dp xp=/my_folder/demo/maqao_c/TP2/maqao_2025-02-20_13-30-59/tools/lprof_npsu_run_0  #
#  Loops      |  Per-thread    |  maqao lprof -dl -dt xp=/my_folder/demo/maqao_c/TP2/maqao_2025-02-20_13-30-59/tools/lprof_npsu_run_0  #
########################################################################################################################################

